<?xml version="1.0" encoding="UTF-8" ?>
<testsuite failures="0" time="0.08" errors="0" skipped="0" tests="1" name="com.yatrix.activity.store.AppTest">
  <properties>
    <property name="java.runtime.name" value="Java(TM) SE Runtime Environment"/>
    <property name="sun.boot.library.path" value="/System/Library/Java/JavaVirtualMachines/1.6.0.jdk/Contents/Libraries"/>
    <property name="java.vm.version" value="20.51-b01-457"/>
    <property name="awt.nativeDoubleBuffering" value="true"/>
    <property name="gopherProxySet" value="false"/>
    <property name="mrj.build" value="11M4509"/>
    <property name="java.vm.vendor" value="Apple Inc."/>
    <property name="java.vendor.url" value="http://www.apple.com/"/>
    <property name="path.separator" value=":"/>
    <property name="java.vm.name" value="Java HotSpot(TM) 64-Bit Server VM"/>
    <property name="file.encoding.pkg" value="sun.io"/>
    <property name="user.country" value="US"/>
    <property name="sun.java.launcher" value="SUN_STANDARD"/>
    <property name="sun.os.patch.level" value="unknown"/>
    <property name="java.vm.specification.name" value="Java Virtual Machine Specification"/>
    <property name="user.dir" value="/Users/Sameer/wannabethereGit/rivvue-app/parent-yatrix/rivvue-external-services"/>
    <property name="java.runtime.version" value="1.6.0_51-b11-457-11M4509"/>
    <property name="java.awt.graphicsenv" value="apple.awt.CGraphicsEnvironment"/>
    <property name="basedir" value="/Users/Sameer/wannabethereGit/rivvue-app/parent-yatrix/rivvue-external-services"/>
    <property name="java.endorsed.dirs" value="/System/Library/Java/JavaVirtualMachines/1.6.0.jdk/Contents/Home/lib/endorsed"/>
    <property name="os.arch" value="x86_64"/>
    <property name="surefire.real.class.path" value="/Users/Sameer/wannabethereGit/rivvue-app/parent-yatrix/rivvue-external-services/target/surefire/surefirebooter3518008531513252867.jar"/>
    <property name="java.io.tmpdir" value="/var/folders/z9/6yrhl6rd43s0y6fn18zjxsd00000gn/T/"/>
    <property name="line.separator" value="
"/>
    <property name="java.vm.specification.vendor" value="Sun Microsystems Inc."/>
    <property name="os.name" value="Mac OS X"/>
    <property name="sun.jnu.encoding" value="MacRoman"/>
    <property name="java.library.path" value=".:/Library/Java/Extensions:/System/Library/Java/Extensions:/usr/lib/java"/>
    <property name="surefire.test.class.path" value="/Users/Sameer/wannabethereGit/rivvue-app/parent-yatrix/rivvue-external-services/target/test-classes:/Users/Sameer/wannabethereGit/rivvue-app/parent-yatrix/rivvue-external-services/target/classes:/Users/Sameer/.m2/repository/com/netflix/hystrix/hystrix-core/1.3.8/hystrix-core-1.3.8.jar:/Users/Sameer/.m2/repository/com/netflix/rxjava/rxjava-core/0.14.11/rxjava-core-0.14.11.jar:/Users/Sameer/.m2/repository/com/netflix/archaius/archaius-core/0.4.1/archaius-core-0.4.1.jar:/Users/Sameer/.m2/repository/commons-configuration/commons-configuration/1.8/commons-configuration-1.8.jar:/Users/Sameer/.m2/repository/commons-lang/commons-lang/2.6/commons-lang-2.6.jar:/Users/Sameer/.m2/repository/com/google/code/findbugs/jsr305/2.0.0/jsr305-2.0.0.jar:/Users/Sameer/.m2/repository/org/springframework/spring-core/3.2.3.RELEASE/spring-core-3.2.3.RELEASE.jar:/Users/Sameer/.m2/repository/commons-logging/commons-logging/1.1.1/commons-logging-1.1.1.jar:/Users/Sameer/.m2/repository/org/springframework/spring-aspects/3.2.3.RELEASE/spring-aspects-3.2.3.RELEASE.jar:/Users/Sameer/.m2/repository/org/aspectj/aspectjweaver/1.6.10/aspectjweaver-1.6.10.jar:/Users/Sameer/.m2/repository/org/springframework/spring-context-support/3.2.3.RELEASE/spring-context-support-3.2.3.RELEASE.jar:/Users/Sameer/.m2/repository/org/springframework/security/spring-security-core/3.2.0.RELEASE/spring-security-core-3.2.0.RELEASE.jar:/Users/Sameer/.m2/repository/aopalliance/aopalliance/1.0/aopalliance-1.0.jar:/Users/Sameer/.m2/repository/org/springframework/spring-aop/3.2.6.RELEASE/spring-aop-3.2.6.RELEASE.jar:/Users/Sameer/.m2/repository/org/springframework/spring-beans/3.2.6.RELEASE/spring-beans-3.2.6.RELEASE.jar:/Users/Sameer/.m2/repository/org/springframework/spring-context/3.2.6.RELEASE/spring-context-3.2.6.RELEASE.jar:/Users/Sameer/.m2/repository/org/springframework/spring-expression/3.2.6.RELEASE/spring-expression-3.2.6.RELEASE.jar:/Users/Sameer/.m2/repository/org/springframework/security/spring-security-config/3.2.0.RELEASE/spring-security-config-3.2.0.RELEASE.jar:/Users/Sameer/.m2/repository/org/springframework/social/spring-social-web/1.1.0.M3/spring-social-web-1.1.0.M3.jar:/Users/Sameer/.m2/repository/javax/inject/javax.inject/1/javax.inject-1.jar:/Users/Sameer/.m2/repository/org/springframework/spring-webmvc/3.2.3.RELEASE/spring-webmvc-3.2.3.RELEASE.jar:/Users/Sameer/.m2/repository/org/springframework/spring-web/3.2.3.RELEASE/spring-web-3.2.3.RELEASE.jar:/Users/Sameer/.m2/repository/org/springframework/social/spring-social-core/1.1.0.M3/spring-social-core-1.1.0.M3.jar:/Users/Sameer/.m2/repository/hsqldb/hsqldb/1.8.0.10/hsqldb-1.8.0.10.jar:/Users/Sameer/.m2/repository/org/quartz-scheduler/quartz/2.2.0/quartz-2.2.0.jar:/Users/Sameer/.m2/repository/c3p0/c3p0/0.9.1.1/c3p0-0.9.1.1.jar:/Users/Sameer/.m2/repository/org/springframework/security/oauth/spring-security-oauth2/1.0.0.RELEASE/spring-security-oauth2-1.0.0.RELEASE.jar:/Users/Sameer/.m2/repository/org/springframework/security/spring-security-web/3.2.0.RELEASE/spring-security-web-3.2.0.RELEASE.jar:/Users/Sameer/.m2/repository/commons-codec/commons-codec/1.3/commons-codec-1.3.jar:/Users/Sameer/.m2/repository/org/springframework/social/spring-social-security/1.1.0.M3/spring-social-security-1.1.0.M3.jar:/Users/Sameer/.m2/repository/org/springframework/social/spring-social-facebook/1.1.0.M3/spring-social-facebook-1.1.0.M3.jar:/Users/Sameer/.m2/repository/org/springframework/social/spring-social-config/1.1.0.M3/spring-social-config-1.1.0.M3.jar:/Users/Sameer/.m2/repository/com/fasterxml/jackson/core/jackson-annotations/2.2.2/jackson-annotations-2.2.2.jar:/Users/Sameer/.m2/repository/com/fasterxml/jackson/core/jackson-core/2.2.2/jackson-core-2.2.2.jar:/Users/Sameer/.m2/repository/org/codehaus/jackson/jackson-mapper-asl/1.9.3/jackson-mapper-asl-1.9.3.jar:/Users/Sameer/.m2/repository/com/fasterxml/jackson/core/jackson-databind/2.2.2/jackson-databind-2.2.2.jar:/Users/Sameer/.m2/repository/org/codehaus/jackson/jackson-core-asl/1.9.3/jackson-core-asl-1.9.3.jar:/Users/Sameer/.m2/repository/org/apache/httpcomponents/httpclient/4.2.1/httpclient-4.2.1.jar:/Users/Sameer/.m2/repository/org/apache/httpcomponents/httpcore/4.2.1/httpcore-4.2.1.jar:/Users/Sameer/.m2/repository/log4j/log4j/1.2.14/log4j-1.2.14.jar:/Users/Sameer/.m2/repository/org/slf4j/slf4j-api/1.7.5/slf4j-api-1.7.5.jar:/Users/Sameer/.m2/repository/org/slf4j/slf4j-log4j12/1.7.5/slf4j-log4j12-1.7.5.jar:/Users/Sameer/.m2/repository/org/slf4j/jcl-over-slf4j/1.7.5/jcl-over-slf4j-1.7.5.jar:/Users/Sameer/.m2/repository/org/scribe/scribe/1.3.5/scribe-1.3.5.jar:/Users/Sameer/.m2/repository/junit/junit/4.8.2/junit-4.8.2.jar:/Users/Sameer/.m2/repository/org/springframework/spring-test/3.2.3.RELEASE/spring-test-3.2.3.RELEASE.jar:/Users/Sameer/.m2/repository/net/sf/ehcache/ehcache/2.7.0/ehcache-2.7.0.jar:/Users/Sameer/wannabethereGit/rivvue-app/parent-yatrix/rivvue-event-store/target/rivvue-event-store-1.0-SNAPSHOT.jar:/Users/Sameer/.m2/repository/com/mysema/querydsl/querydsl-core/2.8.0/querydsl-core-2.8.0.jar:/Users/Sameer/.m2/repository/com/google/guava/guava/11.0.2/guava-11.0.2.jar:/Users/Sameer/.m2/repository/com/mysema/commons/mysema-commons-lang/0.2.4/mysema-commons-lang-0.2.4.jar:/Users/Sameer/.m2/repository/cglib/cglib/2.2/cglib-2.2.jar:/Users/Sameer/.m2/repository/asm/asm/3.1/asm-3.1.jar:/Users/Sameer/.m2/repository/com/mysema/querydsl/querydsl-jpa/2.8.0/querydsl-jpa-2.8.0.jar:/Users/Sameer/.m2/repository/org/hibernate/javax/persistence/hibernate-jpa-2.0-api/1.0.0.Final/hibernate-jpa-2.0-api-1.0.0.Final.jar:/Users/Sameer/.m2/repository/org/hibernate/hibernate-validator/4.0.2.GA/hibernate-validator-4.0.2.GA.jar:/Users/Sameer/.m2/repository/javax/validation/validation-api/1.0.0.GA/validation-api-1.0.0.GA.jar:/Users/Sameer/.m2/repository/javax/xml/bind/jaxb-api/2.1/jaxb-api-2.1.jar:/Users/Sameer/.m2/repository/javax/xml/stream/stax-api/1.0-2/stax-api-1.0-2.jar:/Users/Sameer/.m2/repository/javax/activation/activation/1.1/activation-1.1.jar:/Users/Sameer/.m2/repository/com/sun/xml/bind/jaxb-impl/2.1.3/jaxb-impl-2.1.3.jar:/Users/Sameer/.m2/repository/org/springframework/data/spring-data-mongodb/1.2.1.RELEASE/spring-data-mongodb-1.2.1.RELEASE.jar:/Users/Sameer/.m2/repository/org/springframework/spring-tx/3.2.3.RELEASE/spring-tx-3.2.3.RELEASE.jar:/Users/Sameer/.m2/repository/org/springframework/data/spring-data-commons/1.5.1.RELEASE/spring-data-commons-1.5.1.RELEASE.jar:/Users/Sameer/.m2/repository/org/mongodb/mongo-java-driver/2.7.3/mongo-java-driver-2.7.3.jar:"/>
    <property name="java.specification.name" value="Java Platform API Specification"/>
    <property name="java.class.version" value="50.0"/>
    <property name="sun.management.compiler" value="HotSpot 64-Bit Tiered Compilers"/>
    <property name="os.version" value="10.7.5"/>
    <property name="http.nonProxyHosts" value="local|*.local|169.254/16|*.169.254/16|localhost|*.localhost|intel.com|*.intel.com"/>
    <property name="user.home" value="/Users/Sameer"/>
    <property name="user.timezone" value=""/>
    <property name="java.awt.printerjob" value="apple.awt.CPrinterJob"/>
    <property name="java.specification.version" value="1.6"/>
    <property name="file.encoding" value="MacRoman"/>
    <property name="user.name" value="Sameer"/>
    <property name="java.class.path" value="/Users/Sameer/wannabethereGit/rivvue-app/parent-yatrix/rivvue-external-services/target/test-classes:/Users/Sameer/wannabethereGit/rivvue-app/parent-yatrix/rivvue-external-services/target/classes:/Users/Sameer/.m2/repository/com/netflix/hystrix/hystrix-core/1.3.8/hystrix-core-1.3.8.jar:/Users/Sameer/.m2/repository/com/netflix/rxjava/rxjava-core/0.14.11/rxjava-core-0.14.11.jar:/Users/Sameer/.m2/repository/com/netflix/archaius/archaius-core/0.4.1/archaius-core-0.4.1.jar:/Users/Sameer/.m2/repository/commons-configuration/commons-configuration/1.8/commons-configuration-1.8.jar:/Users/Sameer/.m2/repository/commons-lang/commons-lang/2.6/commons-lang-2.6.jar:/Users/Sameer/.m2/repository/com/google/code/findbugs/jsr305/2.0.0/jsr305-2.0.0.jar:/Users/Sameer/.m2/repository/org/springframework/spring-core/3.2.3.RELEASE/spring-core-3.2.3.RELEASE.jar:/Users/Sameer/.m2/repository/commons-logging/commons-logging/1.1.1/commons-logging-1.1.1.jar:/Users/Sameer/.m2/repository/org/springframework/spring-aspects/3.2.3.RELEASE/spring-aspects-3.2.3.RELEASE.jar:/Users/Sameer/.m2/repository/org/aspectj/aspectjweaver/1.6.10/aspectjweaver-1.6.10.jar:/Users/Sameer/.m2/repository/org/springframework/spring-context-support/3.2.3.RELEASE/spring-context-support-3.2.3.RELEASE.jar:/Users/Sameer/.m2/repository/org/springframework/security/spring-security-core/3.2.0.RELEASE/spring-security-core-3.2.0.RELEASE.jar:/Users/Sameer/.m2/repository/aopalliance/aopalliance/1.0/aopalliance-1.0.jar:/Users/Sameer/.m2/repository/org/springframework/spring-aop/3.2.6.RELEASE/spring-aop-3.2.6.RELEASE.jar:/Users/Sameer/.m2/repository/org/springframework/spring-beans/3.2.6.RELEASE/spring-beans-3.2.6.RELEASE.jar:/Users/Sameer/.m2/repository/org/springframework/spring-context/3.2.6.RELEASE/spring-context-3.2.6.RELEASE.jar:/Users/Sameer/.m2/repository/org/springframework/spring-expression/3.2.6.RELEASE/spring-expression-3.2.6.RELEASE.jar:/Users/Sameer/.m2/repository/org/springframework/security/spring-security-config/3.2.0.RELEASE/spring-security-config-3.2.0.RELEASE.jar:/Users/Sameer/.m2/repository/org/springframework/social/spring-social-web/1.1.0.M3/spring-social-web-1.1.0.M3.jar:/Users/Sameer/.m2/repository/javax/inject/javax.inject/1/javax.inject-1.jar:/Users/Sameer/.m2/repository/org/springframework/spring-webmvc/3.2.3.RELEASE/spring-webmvc-3.2.3.RELEASE.jar:/Users/Sameer/.m2/repository/org/springframework/spring-web/3.2.3.RELEASE/spring-web-3.2.3.RELEASE.jar:/Users/Sameer/.m2/repository/org/springframework/social/spring-social-core/1.1.0.M3/spring-social-core-1.1.0.M3.jar:/Users/Sameer/.m2/repository/hsqldb/hsqldb/1.8.0.10/hsqldb-1.8.0.10.jar:/Users/Sameer/.m2/repository/org/quartz-scheduler/quartz/2.2.0/quartz-2.2.0.jar:/Users/Sameer/.m2/repository/c3p0/c3p0/0.9.1.1/c3p0-0.9.1.1.jar:/Users/Sameer/.m2/repository/org/springframework/security/oauth/spring-security-oauth2/1.0.0.RELEASE/spring-security-oauth2-1.0.0.RELEASE.jar:/Users/Sameer/.m2/repository/org/springframework/security/spring-security-web/3.2.0.RELEASE/spring-security-web-3.2.0.RELEASE.jar:/Users/Sameer/.m2/repository/commons-codec/commons-codec/1.3/commons-codec-1.3.jar:/Users/Sameer/.m2/repository/org/springframework/social/spring-social-security/1.1.0.M3/spring-social-security-1.1.0.M3.jar:/Users/Sameer/.m2/repository/org/springframework/social/spring-social-facebook/1.1.0.M3/spring-social-facebook-1.1.0.M3.jar:/Users/Sameer/.m2/repository/org/springframework/social/spring-social-config/1.1.0.M3/spring-social-config-1.1.0.M3.jar:/Users/Sameer/.m2/repository/com/fasterxml/jackson/core/jackson-annotations/2.2.2/jackson-annotations-2.2.2.jar:/Users/Sameer/.m2/repository/com/fasterxml/jackson/core/jackson-core/2.2.2/jackson-core-2.2.2.jar:/Users/Sameer/.m2/repository/org/codehaus/jackson/jackson-mapper-asl/1.9.3/jackson-mapper-asl-1.9.3.jar:/Users/Sameer/.m2/repository/com/fasterxml/jackson/core/jackson-databind/2.2.2/jackson-databind-2.2.2.jar:/Users/Sameer/.m2/repository/org/codehaus/jackson/jackson-core-asl/1.9.3/jackson-core-asl-1.9.3.jar:/Users/Sameer/.m2/repository/org/apache/httpcomponents/httpclient/4.2.1/httpclient-4.2.1.jar:/Users/Sameer/.m2/repository/org/apache/httpcomponents/httpcore/4.2.1/httpcore-4.2.1.jar:/Users/Sameer/.m2/repository/log4j/log4j/1.2.14/log4j-1.2.14.jar:/Users/Sameer/.m2/repository/org/slf4j/slf4j-api/1.7.5/slf4j-api-1.7.5.jar:/Users/Sameer/.m2/repository/org/slf4j/slf4j-log4j12/1.7.5/slf4j-log4j12-1.7.5.jar:/Users/Sameer/.m2/repository/org/slf4j/jcl-over-slf4j/1.7.5/jcl-over-slf4j-1.7.5.jar:/Users/Sameer/.m2/repository/org/scribe/scribe/1.3.5/scribe-1.3.5.jar:/Users/Sameer/.m2/repository/junit/junit/4.8.2/junit-4.8.2.jar:/Users/Sameer/.m2/repository/org/springframework/spring-test/3.2.3.RELEASE/spring-test-3.2.3.RELEASE.jar:/Users/Sameer/.m2/repository/net/sf/ehcache/ehcache/2.7.0/ehcache-2.7.0.jar:/Users/Sameer/wannabethereGit/rivvue-app/parent-yatrix/rivvue-event-store/target/rivvue-event-store-1.0-SNAPSHOT.jar:/Users/Sameer/.m2/repository/com/mysema/querydsl/querydsl-core/2.8.0/querydsl-core-2.8.0.jar:/Users/Sameer/.m2/repository/com/google/guava/guava/11.0.2/guava-11.0.2.jar:/Users/Sameer/.m2/repository/com/mysema/commons/mysema-commons-lang/0.2.4/mysema-commons-lang-0.2.4.jar:/Users/Sameer/.m2/repository/cglib/cglib/2.2/cglib-2.2.jar:/Users/Sameer/.m2/repository/asm/asm/3.1/asm-3.1.jar:/Users/Sameer/.m2/repository/com/mysema/querydsl/querydsl-jpa/2.8.0/querydsl-jpa-2.8.0.jar:/Users/Sameer/.m2/repository/org/hibernate/javax/persistence/hibernate-jpa-2.0-api/1.0.0.Final/hibernate-jpa-2.0-api-1.0.0.Final.jar:/Users/Sameer/.m2/repository/org/hibernate/hibernate-validator/4.0.2.GA/hibernate-validator-4.0.2.GA.jar:/Users/Sameer/.m2/repository/javax/validation/validation-api/1.0.0.GA/validation-api-1.0.0.GA.jar:/Users/Sameer/.m2/repository/javax/xml/bind/jaxb-api/2.1/jaxb-api-2.1.jar:/Users/Sameer/.m2/repository/javax/xml/stream/stax-api/1.0-2/stax-api-1.0-2.jar:/Users/Sameer/.m2/repository/javax/activation/activation/1.1/activation-1.1.jar:/Users/Sameer/.m2/repository/com/sun/xml/bind/jaxb-impl/2.1.3/jaxb-impl-2.1.3.jar:/Users/Sameer/.m2/repository/org/springframework/data/spring-data-mongodb/1.2.1.RELEASE/spring-data-mongodb-1.2.1.RELEASE.jar:/Users/Sameer/.m2/repository/org/springframework/spring-tx/3.2.3.RELEASE/spring-tx-3.2.3.RELEASE.jar:/Users/Sameer/.m2/repository/org/springframework/data/spring-data-commons/1.5.1.RELEASE/spring-data-commons-1.5.1.RELEASE.jar:/Users/Sameer/.m2/repository/org/mongodb/mongo-java-driver/2.7.3/mongo-java-driver-2.7.3.jar:"/>
    <property name="java.vm.specification.version" value="1.0"/>
    <property name="sun.arch.data.model" value="64"/>
    <property name="java.home" value="/System/Library/Java/JavaVirtualMachines/1.6.0.jdk/Contents/Home"/>
    <property name="sun.java.command" value="/Users/Sameer/wannabethereGit/rivvue-app/parent-yatrix/rivvue-external-services/target/surefire/surefirebooter3518008531513252867.jar /Users/Sameer/wannabethereGit/rivvue-app/parent-yatrix/rivvue-external-services/target/surefire/surefire2034908149862765961tmp /Users/Sameer/wannabethereGit/rivvue-app/parent-yatrix/rivvue-external-services/target/surefire/surefire5185528176293537836tmp"/>
    <property name="java.specification.vendor" value="Sun Microsystems Inc."/>
    <property name="user.language" value="en"/>
    <property name="awt.toolkit" value="apple.awt.CToolkit"/>
    <property name="java.vm.info" value="mixed mode"/>
    <property name="java.version" value="1.6.0_51"/>
    <property name="java.ext.dirs" value="/Library/Java/Extensions:/System/Library/Java/Extensions:/System/Library/Java/JavaVirtualMachines/1.6.0.jdk/Contents/Home/lib/ext"/>
    <property name="sun.boot.class.path" value="/System/Library/Java/JavaVirtualMachines/1.6.0.jdk/Contents/Classes/jsfd.jar:/System/Library/Java/JavaVirtualMachines/1.6.0.jdk/Contents/Classes/classes.jar:/System/Library/Frameworks/JavaVM.framework/Frameworks/JavaRuntimeSupport.framework/Resources/Java/JavaRuntimeSupport.jar:/System/Library/Java/JavaVirtualMachines/1.6.0.jdk/Contents/Classes/ui.jar:/System/Library/Java/JavaVirtualMachines/1.6.0.jdk/Contents/Classes/laf.jar:/System/Library/Java/JavaVirtualMachines/1.6.0.jdk/Contents/Classes/sunrsasign.jar:/System/Library/Java/JavaVirtualMachines/1.6.0.jdk/Contents/Classes/jsse.jar:/System/Library/Java/JavaVirtualMachines/1.6.0.jdk/Contents/Classes/jce.jar:/System/Library/Java/JavaVirtualMachines/1.6.0.jdk/Contents/Classes/charsets.jar"/>
    <property name="java.vendor" value="Apple Inc."/>
    <property name="localRepository" value="/Users/Sameer/.m2/repository"/>
    <property name="file.separator" value="/"/>
    <property name="java.vendor.url.bug" value="http://bugreport.apple.com/"/>
    <property name="sun.cpu.endian" value="little"/>
    <property name="sun.io.unicode.encoding" value="UnicodeLittle"/>
    <property name="mrj.version" value="1070.1.6.0_51-457"/>
    <property name="socksNonProxyHosts" value="local|*.local|169.254/16|*.169.254/16|localhost|*.localhost|intel.com|*.intel.com"/>
    <property name="ftp.nonProxyHosts" value="local|*.local|169.254/16|*.169.254/16|localhost|*.localhost|intel.com|*.intel.com"/>
    <property name="sun.cpu.isalist" value=""/>
  </properties>
  <testcase time="0.002" classname="com.yatrix.activity.store.AppTest" name="testApp"/>
</testsuite>